Aug 04, 2025 10:49:26 AM com.litmus7.empManagement.utils.AppLogger <clinit>
INFO: === New Application Session Started ===
Aug 04, 2025 10:49:26 AM com.litmus7.empManagement.controller.EmployeeController writeDataToDB
INFO: Starting database write operation for file: employees.csv
Aug 04, 2025 10:49:26 AM com.litmus7.empManagement.service.EmployeeService importEmployeesToDB
INFO: Starting employee import process from file: employees.csv
Aug 04, 2025 10:49:26 AM com.litmus7.empManagement.utils.CSVReader readCSV
INFO: Starting CSV file read operation for file: employees.csv
Aug 04, 2025 10:49:26 AM com.litmus7.empManagement.utils.CSVReader readCSV
INFO: CSV file read completed. Total valid rows: 3, Errors: 0
Aug 04, 2025 10:49:26 AM com.litmus7.empManagement.service.EmployeeService importEmployeesToDB
INFO: Processing 3 employee records
Aug 04, 2025 10:49:26 AM com.litmus7.empManagement.service.EmployeeService importEmployeesToDB
SEVERE: Row 1: Error - Failed to load database properties
Aug 04, 2025 10:49:26 AM com.litmus7.empManagement.service.EmployeeService importEmployeesToDB
SEVERE: Row 2: Error - Failed to load database properties
Aug 04, 2025 10:49:26 AM com.litmus7.empManagement.service.EmployeeService importEmployeesToDB
SEVERE: Row 3: Error - Failed to load database properties
Aug 04, 2025 10:49:26 AM com.litmus7.empManagement.service.EmployeeService importEmployeesToDB
INFO: Import process completed. Total processed: 3, Successfully imported: 0, Errors: 3
Aug 04, 2025 10:49:26 AM com.litmus7.empManagement.controller.EmployeeController writeDataToDB
INFO: Database write operation completed. Total: 2, Inserted: 0
Aug 04, 2025 10:49:26 AM com.litmus7.empManagement.controller.EmployeeController writeDataToDB
WARNING: No records were inserted into database
Aug 04, 2025 10:49:26 AM com.litmus7.empManagement.controller.EmployeeController getAllEmployees
INFO: Starting to fetch all employee details
Aug 04, 2025 10:49:26 AM com.litmus7.empManagement.service.EmployeeService getAllEmployees
INFO: Fetching all employees from database
